<?xml version="1.0" encoding="UTF-8"?>
<!-- Generated by org.testng.reporters.JUnitXMLReporter -->
<testsuite hostname="XIPL9218" name="Default test" tests="2" failures="0" timestamp="9 Nov 2018 09:03:54 GMT" time="2.329" errors="0">
  <testcase name="testCreateTalentListWithUserRoleCasting" time="0.125" classname="com.mediaservices.c2c.talent.TalentListViewGridDataExtractorTest"/>
  <testcase name="testCreateTalentListWithUserRoleNotAsCasting" time="0.011" classname="com.mediaservices.c2c.talent.TalentListViewGridDataExtractorTest"/>
</testsuite> <!-- Default test -->
