<?xml version="1.0" encoding="UTF-8"?>
<!-- Generated by org.testng.reporters.JUnitXMLReporter -->
<testsuite hostname="XIPL9218" name="Default test" tests="44" failures="0" timestamp="12 Nov 2018 13:47:28 GMT" time="4.542" errors="0">
  <testcase name="deleteRelationChildNotNull" time="0.037" classname="com.mediaservices.c2c.talent.service.PartyServiceTest"/>
  <testcase name="deleteRelationChildNull" time="0.003" classname="com.mediaservices.c2c.talent.service.PartyServiceTest"/>
  <testcase name="deleteRelationParentNull" time="0.003" classname="com.mediaservices.c2c.talent.service.PartyServiceTest"/>
  <testcase name="getAllParties" time="0.115" classname="com.mediaservices.c2c.talent.service.PartyServiceTest"/>
  <testcase name="getCompanies" time="0.014" classname="com.mediaservices.c2c.talent.service.PartyServiceTest"/>
  <testcase name="getPartiesPage" time="0.011" classname="com.mediaservices.c2c.talent.service.PartyServiceTest"/>
  <testcase name="getPartyById" time="0.004" classname="com.mediaservices.c2c.talent.service.PartyServiceTest"/>
  <testcase name="getPartyDetailsWithContact" time="0.004" classname="com.mediaservices.c2c.talent.service.PartyServiceTest"/>
  <testcase name="getPartyDetailsWithStTalent" time="0.001" classname="com.mediaservices.c2c.talent.service.PartyServiceTest"/>
  <testcase name="getPartyDetails_notFound" time="0.002" classname="com.mediaservices.c2c.talent.service.PartyServiceTest"/>
  <testcase name="getPersonDetails" time="0.005" classname="com.mediaservices.c2c.talent.service.PartyServiceTest"/>
  <testcase name="getPersonDetailsPartyNull" time="0.001" classname="com.mediaservices.c2c.talent.service.PartyServiceTest"/>
  <testcase name="getRepresentatives" time="0.002" classname="com.mediaservices.c2c.talent.service.PartyServiceTest"/>
  <testcase name="getRepsClientsDeal" time="0.003" classname="com.mediaservices.c2c.talent.service.PartyServiceTest"/>
  <testcase name="getTalentDetails" time="0.012" classname="com.mediaservices.c2c.talent.service.PartyServiceTest"/>
  <testcase name="getTalentDetails2" time="0.012" classname="com.mediaservices.c2c.talent.service.PartyServiceTest"/>
  <testcase name="getTalentDetailsForCompanyInstance" time="0.002" classname="com.mediaservices.c2c.talent.service.PartyServiceTest"/>
  <testcase name="getTalentDetailsForContactInstance" time="0.001" classname="com.mediaservices.c2c.talent.service.PartyServiceTest"/>
  <testcase name="getTalentDetails_loanoutNotFound" time="0.005" classname="com.mediaservices.c2c.talent.service.PartyServiceTest"/>
  <testcase name="getTalentDetails_notFound" time="0.002" classname="com.mediaservices.c2c.talent.service.PartyServiceTest"/>
  <testcase name="getTalentDetailsforPerson" time="0.002" classname="com.mediaservices.c2c.talent.service.PartyServiceTest"/>
  <testcase name="getTalentImage" time="0.001" classname="com.mediaservices.c2c.talent.service.PartyServiceTest"/>
  <testcase name="getTalents" time="0.18" classname="com.mediaservices.c2c.talent.service.PartyServiceTest"/>
  <testcase name="getTalentsContactCompany" time="0.004" classname="com.mediaservices.c2c.talent.service.PartyServiceTest"/>
  <testcase name="getTalentsContactCompanyNull" time="0.002" classname="com.mediaservices.c2c.talent.service.PartyServiceTest"/>
  <testcase name="getTalentsDeal" time="0.002" classname="com.mediaservices.c2c.talent.service.PartyServiceTest"/>
  <testcase name="getTalentsTimeLine" time="0.001" classname="com.mediaservices.c2c.talent.service.PartyServiceTest"/>
  <testcase name="savePerson" time="0.026" classname="com.mediaservices.c2c.talent.service.PartyServiceTest"/>
  <testcase name="savePerson3" time="0.001" classname="com.mediaservices.c2c.talent.service.PartyServiceTest"/>
  <testcase name="savePersonDataExits" time="0.002" classname="com.mediaservices.c2c.talent.service.PartyServiceTest"/>
  <testcase name="savePersonDataNotExists" time="0.001" classname="com.mediaservices.c2c.talent.service.PartyServiceTest"/>
  <testcase name="savePersonException" time="0.001" classname="com.mediaservices.c2c.talent.service.PartyServiceTest"/>
  <testcase name="saveRelationLongLongStringboolean" time="0.192" classname="com.mediaservices.c2c.talent.service.PartyServiceTest"/>
  <testcase name="saveRollcallPerson" time="0.003" classname="com.mediaservices.c2c.talent.service.PartyServiceTest"/>
  <testcase name="saveTalent" time="0.018" classname="com.mediaservices.c2c.talent.service.PartyServiceTest"/>
  <testcase name="saveTalentConfidentialInfoNull" time="0.003" classname="com.mediaservices.c2c.talent.service.PartyServiceTest"/>
  <testcase name="saveTalentDirectContact" time="0.009" classname="com.mediaservices.c2c.talent.service.PartyServiceTest"/>
  <testcase name="saveTalentDirectContactRetunEmpty" time="0.004" classname="com.mediaservices.c2c.talent.service.PartyServiceTest"/>
  <testcase name="saveTalentGuardian" time="0.003" classname="com.mediaservices.c2c.talent.service.PartyServiceTest"/>
  <testcase name="saveTalentGuardianWithExistingGuardians" time="0.004" classname="com.mediaservices.c2c.talent.service.PartyServiceTest"/>
  <testcase name="saveTalentNullParty" time="0.0" classname="com.mediaservices.c2c.talent.service.PartyServiceTest"/>
  <testcase name="saveTalentNullTalent" time="0.001" classname="com.mediaservices.c2c.talent.service.PartyServiceTest"/>
  <testcase name="saveTalentPartyInfoNull" time="0.004" classname="com.mediaservices.c2c.talent.service.PartyServiceTest"/>
  <testcase name="saveTalentTeam" time="0.003" classname="com.mediaservices.c2c.talent.service.PartyServiceTest"/>
</testsuite> <!-- Default test -->
