<?xml version="1.0" encoding="UTF-8"?>
<!-- Generated by org.testng.reporters.JUnitXMLReporter -->
<testsuite hostname="XIPL9218" name="com.mediaservices.c2c.talent.service" tests="66" failures="0" timestamp="1 Nov 2018 09:35:55 GMT" time="7.594" errors="0">
  <testcase name="getVersionInfo" time="0.033" classname="com.mediaservices.c2c.talent.service.ApplicationInfoServiceTest"/>
  <testcase name="getAllParties" time="0.141" classname="com.mediaservices.c2c.talent.service.PartyServiceTest"/>
  <testcase name="getCompanies" time="0.035" classname="com.mediaservices.c2c.talent.service.PartyServiceTest"/>
  <testcase name="getPartiesPage" time="0.018" classname="com.mediaservices.c2c.talent.service.PartyServiceTest"/>
  <testcase name="getPartyById" time="0.005" classname="com.mediaservices.c2c.talent.service.PartyServiceTest"/>
  <testcase name="getPartyDetailsWithContact" time="0.003" classname="com.mediaservices.c2c.talent.service.PartyServiceTest"/>
  <testcase name="getPartyDetailsWithStTalent" time="0.002" classname="com.mediaservices.c2c.talent.service.PartyServiceTest"/>
  <testcase name="getPartyDetails_notFound" time="0.007" classname="com.mediaservices.c2c.talent.service.PartyServiceTest"/>
  <testcase name="getRepresentatives" time="0.006" classname="com.mediaservices.c2c.talent.service.PartyServiceTest"/>
  <testcase name="getTalentDetails" time="0.016" classname="com.mediaservices.c2c.talent.service.PartyServiceTest"/>
  <testcase name="getTalentDetails2" time="0.018" classname="com.mediaservices.c2c.talent.service.PartyServiceTest"/>
  <testcase name="getTalentDetails_loanoutNotFound" time="0.005" classname="com.mediaservices.c2c.talent.service.PartyServiceTest"/>
  <testcase name="getTalentDetails_notFound" time="0.007" classname="com.mediaservices.c2c.talent.service.PartyServiceTest"/>
  <testcase name="getTalentDetailsforPerson" time="0.003" classname="com.mediaservices.c2c.talent.service.PartyServiceTest"/>
  <testcase name="getTalentImage" time="0.002" classname="com.mediaservices.c2c.talent.service.PartyServiceTest"/>
  <testcase name="getTalents" time="0.164" classname="com.mediaservices.c2c.talent.service.PartyServiceTest"/>
  <testcase name="getTalentsContactCompany" time="0.003" classname="com.mediaservices.c2c.talent.service.PartyServiceTest"/>
  <testcase name="getTalentsContactCompanyNull" time="0.001" classname="com.mediaservices.c2c.talent.service.PartyServiceTest"/>
  <testcase name="getTalentsDeal" time="0.002" classname="com.mediaservices.c2c.talent.service.PartyServiceTest"/>
  <testcase name="savePerson" time="0.027" classname="com.mediaservices.c2c.talent.service.PartyServiceTest"/>
  <testcase name="savePerson3" time="0.004" classname="com.mediaservices.c2c.talent.service.PartyServiceTest"/>
  <testcase name="savePersonDataExits" time="0.023" classname="com.mediaservices.c2c.talent.service.PartyServiceTest"/>
  <testcase name="savePersonDataNotExists" time="0.003" classname="com.mediaservices.c2c.talent.service.PartyServiceTest"/>
  <testcase name="savePersonException" time="0.002" classname="com.mediaservices.c2c.talent.service.PartyServiceTest"/>
  <testcase name="saveRelationLongLongStringboolean" time="0.369" classname="com.mediaservices.c2c.talent.service.PartyServiceTest"/>
  <testcase name="saveTalent" time="0.047" classname="com.mediaservices.c2c.talent.service.PartyServiceTest"/>
  <testcase name="saveTalentConfidentialInfoNull" time="0.005" classname="com.mediaservices.c2c.talent.service.PartyServiceTest"/>
  <testcase name="saveTalentDirectContact" time="0.017" classname="com.mediaservices.c2c.talent.service.PartyServiceTest"/>
  <testcase name="saveTalentDirectContactRetunEmpty" time="0.008" classname="com.mediaservices.c2c.talent.service.PartyServiceTest"/>
  <testcase name="saveTalentGuardian" time="0.008" classname="com.mediaservices.c2c.talent.service.PartyServiceTest"/>
  <testcase name="saveTalentGuardianWithExistingGuardians" time="0.008" classname="com.mediaservices.c2c.talent.service.PartyServiceTest"/>
  <testcase name="saveTalentNullParty" time="0.001" classname="com.mediaservices.c2c.talent.service.PartyServiceTest"/>
  <testcase name="saveTalentNullTalent" time="0.002" classname="com.mediaservices.c2c.talent.service.PartyServiceTest"/>
  <testcase name="saveTalentPartyInfoNull" time="0.005" classname="com.mediaservices.c2c.talent.service.PartyServiceTest"/>
  <testcase name="validateEinExists" time="0.044" classname="com.mediaservices.c2c.talent.service.ValidatorServiceTest"/>
  <testcase name="validateEinExistsPArtyIdNull" time="0.002" classname="com.mediaservices.c2c.talent.service.ValidatorServiceTest"/>
  <testcase name="validateEinNull" time="0.001" classname="com.mediaservices.c2c.talent.service.ValidatorServiceTest"/>
  <testcase name="validateEinValis" time="0.002" classname="com.mediaservices.c2c.talent.service.ValidatorServiceTest"/>
  <testcase name="validateSagExists" time="0.003" classname="com.mediaservices.c2c.talent.service.ValidatorServiceTest"/>
  <testcase name="validateSagExistsPArtyIdNull" time="0.002" classname="com.mediaservices.c2c.talent.service.ValidatorServiceTest"/>
  <testcase name="validateSagNull" time="0.002" classname="com.mediaservices.c2c.talent.service.ValidatorServiceTest"/>
  <testcase name="validateSagValis" time="0.002" classname="com.mediaservices.c2c.talent.service.ValidatorServiceTest"/>
  <testcase name="validateSsnExists" time="0.004" classname="com.mediaservices.c2c.talent.service.ValidatorServiceTest"/>
  <testcase name="validateSsnExistsPartyIdNull" time="0.002" classname="com.mediaservices.c2c.talent.service.ValidatorServiceTest"/>
  <testcase name="validateSsnInvalidFormat1" time="0.001" classname="com.mediaservices.c2c.talent.service.ValidatorServiceTest"/>
  <testcase name="validateSsnNull" time="0.001" classname="com.mediaservices.c2c.talent.service.ValidatorServiceTest"/>
  <testcase name="validateSsnvalid" time="0.002" classname="com.mediaservices.c2c.talent.service.ValidatorServiceTest"/>
  <testcase name="getCodeSysPropValue" time="0.002" classname="com.mediaservices.c2c.talent.service.CodeServiceTest"/>
  <testcase name="getCodeSysPropValue_null" time="0.001" classname="com.mediaservices.c2c.talent.service.CodeServiceTest"/>
  <testcase name="getCodeSysPropValue_zeroId" time="0.001" classname="com.mediaservices.c2c.talent.service.CodeServiceTest"/>
  <testcase name="getCodes" time="0.002" classname="com.mediaservices.c2c.talent.service.CodeServiceTest"/>
  <testcase name="getCodes_nullList" time="0.001" classname="com.mediaservices.c2c.talent.service.CodeServiceTest"/>
  <testcase name="getCodes_onezeroId" time="0.003" classname="com.mediaservices.c2c.talent.service.CodeServiceTest"/>
  <testcase name="testGetCode" time="0.001" classname="com.mediaservices.c2c.talent.service.CodeServiceTest"/>
  <testcase name="testGetCodeString" time="0.002" classname="com.mediaservices.c2c.talent.service.CodeServiceTest"/>
  <testcase name="testFindOrCreateOccupationTypeIsNotNull" time="0.006" classname="com.mediaservices.c2c.talent.service.SysPropServiceTest"/>
  <testcase name="testFindOrCreateOccupationTypeWhenOccupationIsNull" time="0.005" classname="com.mediaservices.c2c.talent.service.SysPropServiceTest"/>
  <testcase name="testGetValuesBySystemPropName" time="0.002" classname="com.mediaservices.c2c.talent.service.SysPropServiceTest"/>
  <testcase name="getPickList" time="0.012" classname="com.mediaservices.c2c.talent.service.CommonServiceTest"/>
  <testcase name="saveTalentLoanout" time="0.014" classname="com.mediaservices.c2c.talent.service.CompanyServiceTest"/>
  <testcase name="saveTalentLoanoutAlreadyExists" time="0.004" classname="com.mediaservices.c2c.talent.service.CompanyServiceTest"/>
  <testcase name="saveTalentLoanoutIncorporationCountryNull" time="0.003" classname="com.mediaservices.c2c.talent.service.CompanyServiceTest"/>
  <testcase name="testAddOrEditCompany" time="0.004" classname="com.mediaservices.c2c.talent.service.CompanyServiceTest"/>
  <testcase name="testGetCompanyDetail" time="0.001" classname="com.mediaservices.c2c.talent.service.CompanyServiceTest"/>
  <testcase name="testGetPeopleForCorporate" time="0.001" classname="com.mediaservices.c2c.talent.service.CompanyServiceTest"/>
  <testcase name="testGetPeopleForLocation" time="0.002" classname="com.mediaservices.c2c.talent.service.CompanyServiceTest"/>
</testsuite> <!-- com.mediaservices.c2c.talent.service -->
