<?xml version="1.0" encoding="UTF-8"?>
<!-- Generated by org.testng.reporters.JUnitXMLReporter -->
<testsuite hostname="XIPL9218" name="com.mediaservices.c2c.talent.dao" tests="11" failures="0" timestamp="2 Nov 2018 11:31:40 GMT" time="2.375" errors="0">
  <testcase name="testGetCompaniesSortByCompanyName" time="0.18" classname="com.mediaservices.c2c.talent.dao.CompanyListDAOTest"/>
  <testcase name="testGetCompaniesSortByCompanyType" time="0.006" classname="com.mediaservices.c2c.talent.dao.CompanyListDAOTest"/>
  <testcase name="testGetCompaniesSortByRepName" time="0.005" classname="com.mediaservices.c2c.talent.dao.CompanyListDAOTest"/>
  <testcase name="testGetCompaniesSortByTalName" time="0.006" classname="com.mediaservices.c2c.talent.dao.CompanyListDAOTest"/>
  <testcase name="testCreateTalentListWithUserRoleNotAsCasting" time="0.05" classname="com.mediaservices.c2c.talent.dao.CompanyListViewGridDataExtractorTest"/>
  <testcase name="testGetDeals" time="0.005" classname="com.mediaservices.c2c.talent.dao.DealsListDAOTest"/>
  <testcase name="testGetRepresentativesSortByCompany" time="0.008" classname="com.mediaservices.c2c.talent.dao.RepresentativeListDAOTest"/>
  <testcase name="testGetRepresentativesSortByContact" time="0.006" classname="com.mediaservices.c2c.talent.dao.RepresentativeListDAOTest"/>
  <testcase name="testGetRepresentativesSortByRepresentativeName" time="0.004" classname="com.mediaservices.c2c.talent.dao.RepresentativeListDAOTest"/>
  <testcase name="testGetRepresentativesSortByRepresentativeType" time="0.003" classname="com.mediaservices.c2c.talent.dao.RepresentativeListDAOTest"/>
  <testcase name="testGetRepresentativesSortByTalents" time="0.003" classname="com.mediaservices.c2c.talent.dao.RepresentativeListDAOTest"/>
</testsuite> <!-- com.mediaservices.c2c.talent.dao -->
