<?xml version="1.0" encoding="UTF-8"?>
<!-- Generated by org.testng.reporters.JUnitXMLReporter -->
<testsuite hostname="XIPL9218" name="com.mediaservices.c2c.talent" tests="8" failures="0" timestamp="2 Nov 2018 11:30:40 GMT" time="2.506" errors="0">
  <testcase name="getTalentsBasedOnUserRoleAndAllFiltersWhenQueryReturnsListOfBigDecimals" time="0.165" classname="com.mediaservices.c2c.talent.TalentListViewDAOTest"/>
  <testcase name="getTalentsBasedOnUserRoleAndSortByFunctionWhenQueryReturnsListOfBigDecimals" time="0.004" classname="com.mediaservices.c2c.talent.TalentListViewDAOTest"/>
  <testcase name="getTalentsBasedOnUserRoleAndSortByRepresentativeWhenQueryReturnsListOfBigDecimals" time="0.004" classname="com.mediaservices.c2c.talent.TalentListViewDAOTest"/>
  <testcase name="getTalentsBasedOnUserRoleWhenQueryReturnsListOfBigDecimals" time="0.003" classname="com.mediaservices.c2c.talent.TalentListViewDAOTest"/>
  <testcase name="getTalentsBasedOnUserRoleWhenQueryReturnsListOfListOfBigDecimals" time="0.004" classname="com.mediaservices.c2c.talent.TalentListViewDAOTest"/>
  <testcase name="testCreateTalentListWithUserRoleCasting" time="0.033" classname="com.mediaservices.c2c.talent.TalentListViewGridDataExtractorTest"/>
  <testcase name="testCreateTalentListWithUserRoleNotAsCasting" time="0.006" classname="com.mediaservices.c2c.talent.TalentListViewGridDataExtractorTest"/>
  <testcase name="createTalentTimeListFromResultSet" time="0.03" classname="com.mediaservices.c2c.talent.TalentTimeLineListViewGridDataExtractorTest"/>
</testsuite> <!-- com.mediaservices.c2c.talent -->
