<?xml version="1.0" encoding="UTF-8"?>
<testng-results skipped="0" failed="0" total="6" passed="6">
  <reporter-output>
  </reporter-output>
  <suite name="Default suite" duration-ms="1355" started-at="2018-11-05T12:30:13Z" finished-at="2018-11-05T12:30:15Z">
    <groups>
    </groups>
    <test name="Default test" duration-ms="1355" started-at="2018-11-05T12:30:13Z" finished-at="2018-11-05T12:30:15Z">
      <class name="com.mediaservices.c2c.talent.controller.CompanyControllerTest">
        <test-method status="PASS" signature="init()[pri:0, instance:com.mediaservices.c2c.talent.controller.CompanyControllerTest@1f7030a6]" name="init" is-config="true" duration-ms="1127" started-at="2018-11-05T18:00:13Z" finished-at="2018-11-05T18:00:14Z">
          <reporter-output>
          </reporter-output>
        </test-method> <!-- init -->
        <test-method status="PASS" signature="setup()[pri:0, instance:com.mediaservices.c2c.talent.controller.CompanyControllerTest@1f7030a6]" name="setup" is-config="true" duration-ms="126" started-at="2018-11-05T18:00:14Z" finished-at="2018-11-05T18:00:14Z">
          <reporter-output>
          </reporter-output>
        </test-method> <!-- setup -->
        <test-method status="PASS" signature="testAddOrEditCompany()[pri:0, instance:com.mediaservices.c2c.talent.controller.CompanyControllerTest@1f7030a6]" name="testAddOrEditCompany" duration-ms="40" started-at="2018-11-05T18:00:14Z" finished-at="2018-11-05T18:00:15Z">
          <reporter-output>
          </reporter-output>
        </test-method> <!-- testAddOrEditCompany -->
        <test-method status="PASS" signature="init()[pri:0, instance:com.mediaservices.c2c.talent.controller.CompanyControllerTest@1f7030a6]" name="init" is-config="true" duration-ms="1" started-at="2018-11-05T18:00:15Z" finished-at="2018-11-05T18:00:15Z">
          <reporter-output>
          </reporter-output>
        </test-method> <!-- init -->
        <test-method status="PASS" signature="testGetCompanyDetail()[pri:0, instance:com.mediaservices.c2c.talent.controller.CompanyControllerTest@1f7030a6]" name="testGetCompanyDetail" duration-ms="2" started-at="2018-11-05T18:00:15Z" finished-at="2018-11-05T18:00:15Z">
          <reporter-output>
          </reporter-output>
        </test-method> <!-- testGetCompanyDetail -->
        <test-method status="PASS" signature="setup()[pri:0, instance:com.mediaservices.c2c.talent.controller.CompanyControllerTest@1f7030a6]" name="setup" is-config="true" duration-ms="0" started-at="2018-11-05T18:00:15Z" finished-at="2018-11-05T18:00:15Z">
          <reporter-output>
          </reporter-output>
        </test-method> <!-- setup -->
        <test-method status="PASS" signature="init()[pri:0, instance:com.mediaservices.c2c.talent.controller.CompanyControllerTest@1f7030a6]" name="init" is-config="true" duration-ms="1" started-at="2018-11-05T18:00:15Z" finished-at="2018-11-05T18:00:15Z">
          <reporter-output>
          </reporter-output>
        </test-method> <!-- init -->
        <test-method status="PASS" signature="testGetPeopleForCorporate()[pri:0, instance:com.mediaservices.c2c.talent.controller.CompanyControllerTest@1f7030a6]" name="testGetPeopleForCorporate" duration-ms="3" started-at="2018-11-05T18:00:15Z" finished-at="2018-11-05T18:00:15Z">
          <reporter-output>
          </reporter-output>
        </test-method> <!-- testGetPeopleForCorporate -->
        <test-method status="PASS" signature="setup()[pri:0, instance:com.mediaservices.c2c.talent.controller.CompanyControllerTest@1f7030a6]" name="setup" is-config="true" duration-ms="0" started-at="2018-11-05T18:00:15Z" finished-at="2018-11-05T18:00:15Z">
          <reporter-output>
          </reporter-output>
        </test-method> <!-- setup -->
        <test-method status="PASS" signature="init()[pri:0, instance:com.mediaservices.c2c.talent.controller.CompanyControllerTest@1f7030a6]" name="init" is-config="true" duration-ms="1" started-at="2018-11-05T18:00:15Z" finished-at="2018-11-05T18:00:15Z">
          <reporter-output>
          </reporter-output>
        </test-method> <!-- init -->
        <test-method status="PASS" signature="testGetPeopleForCorporateNoRecords()[pri:0, instance:com.mediaservices.c2c.talent.controller.CompanyControllerTest@1f7030a6]" name="testGetPeopleForCorporateNoRecords" duration-ms="7" started-at="2018-11-05T18:00:15Z" finished-at="2018-11-05T18:00:15Z">
          <reporter-output>
          </reporter-output>
        </test-method> <!-- testGetPeopleForCorporateNoRecords -->
        <test-method status="PASS" signature="setup()[pri:0, instance:com.mediaservices.c2c.talent.controller.CompanyControllerTest@1f7030a6]" name="setup" is-config="true" duration-ms="0" started-at="2018-11-05T18:00:15Z" finished-at="2018-11-05T18:00:15Z">
          <reporter-output>
          </reporter-output>
        </test-method> <!-- setup -->
        <test-method status="PASS" signature="init()[pri:0, instance:com.mediaservices.c2c.talent.controller.CompanyControllerTest@1f7030a6]" name="init" is-config="true" duration-ms="6" started-at="2018-11-05T18:00:15Z" finished-at="2018-11-05T18:00:15Z">
          <reporter-output>
          </reporter-output>
        </test-method> <!-- init -->
        <test-method status="PASS" signature="setup()[pri:0, instance:com.mediaservices.c2c.talent.controller.CompanyControllerTest@1f7030a6]" name="setup" is-config="true" duration-ms="0" started-at="2018-11-05T18:00:15Z" finished-at="2018-11-05T18:00:15Z">
          <reporter-output>
          </reporter-output>
        </test-method> <!-- setup -->
        <test-method status="PASS" signature="testGetPeopleForLocation()[pri:0, instance:com.mediaservices.c2c.talent.controller.CompanyControllerTest@1f7030a6]" name="testGetPeopleForLocation" duration-ms="2" started-at="2018-11-05T18:00:15Z" finished-at="2018-11-05T18:00:15Z">
          <reporter-output>
          </reporter-output>
        </test-method> <!-- testGetPeopleForLocation -->
        <test-method status="PASS" signature="init()[pri:0, instance:com.mediaservices.c2c.talent.controller.CompanyControllerTest@1f7030a6]" name="init" is-config="true" duration-ms="1" started-at="2018-11-05T18:00:15Z" finished-at="2018-11-05T18:00:15Z">
          <reporter-output>
          </reporter-output>
        </test-method> <!-- init -->
        <test-method status="PASS" signature="setup()[pri:0, instance:com.mediaservices.c2c.talent.controller.CompanyControllerTest@1f7030a6]" name="setup" is-config="true" duration-ms="0" started-at="2018-11-05T18:00:15Z" finished-at="2018-11-05T18:00:15Z">
          <reporter-output>
          </reporter-output>
        </test-method> <!-- setup -->
        <test-method status="PASS" signature="testGetPeopleForLocationNoRecords()[pri:0, instance:com.mediaservices.c2c.talent.controller.CompanyControllerTest@1f7030a6]" name="testGetPeopleForLocationNoRecords" duration-ms="2" started-at="2018-11-05T18:00:15Z" finished-at="2018-11-05T18:00:15Z">
          <reporter-output>
          </reporter-output>
        </test-method> <!-- testGetPeopleForLocationNoRecords -->
      </class> <!-- com.mediaservices.c2c.talent.controller.CompanyControllerTest -->
    </test> <!-- Default test -->
  </suite> <!-- Default suite -->
</testng-results>
