<?xml version="1.0" encoding="UTF-8"?>
<!-- Generated by org.testng.reporters.JUnitXMLReporter -->
<testsuite hostname="XIPL9218" name="Default test" tests="6" failures="0" timestamp="5 Nov 2018 12:30:15 GMT" time="1.355" errors="0">
  <testcase name="testAddOrEditCompany" time="0.04" classname="com.mediaservices.c2c.talent.controller.CompanyControllerTest"/>
  <testcase name="testGetCompanyDetail" time="0.002" classname="com.mediaservices.c2c.talent.controller.CompanyControllerTest"/>
  <testcase name="testGetPeopleForCorporate" time="0.003" classname="com.mediaservices.c2c.talent.controller.CompanyControllerTest"/>
  <testcase name="testGetPeopleForCorporateNoRecords" time="0.007" classname="com.mediaservices.c2c.talent.controller.CompanyControllerTest"/>
  <testcase name="testGetPeopleForLocation" time="0.002" classname="com.mediaservices.c2c.talent.controller.CompanyControllerTest"/>
  <testcase name="testGetPeopleForLocationNoRecords" time="0.002" classname="com.mediaservices.c2c.talent.controller.CompanyControllerTest"/>
</testsuite> <!-- Default test -->
