<?xml version="1.0" encoding="UTF-8"?>
<!-- Generated by org.testng.reporters.JUnitXMLReporter -->
<testsuite hostname="XIPL9218" name="com.mediaservices.c2c.talent.hateoas" tests="6" failures="0" timestamp="2 Nov 2018 06:46:53 GMT" time="1.597" errors="0">
  <testcase name="toResource" time="0.376" classname="com.mediaservices.c2c.talent.hateoas.ApplicationInfoResourceAssemblerTest"/>
  <testcase name="toResource" time="0.36" classname="com.mediaservices.c2c.talent.hateoas.PartyDtoResourceAssemblerTest"/>
  <testcase name="toResource_nullLoanOutAndReps" time="0.003" classname="com.mediaservices.c2c.talent.hateoas.PartyDtoResourceAssemblerTest"/>
  <testcase name="toResource_nullRoles" time="0.002" classname="com.mediaservices.c2c.talent.hateoas.PartyDtoResourceAssemblerTest"/>
  <testcase name="toResource" time="0.014" classname="com.mediaservices.c2c.talent.hateoas.PartyResourceAssemblerTest"/>
  <testcase name="toResource" time="0.009" classname="com.mediaservices.c2c.talent.hateoas.TalentDtoResourceAssemblerTest"/>
</testsuite> <!-- com.mediaservices.c2c.talent.hateoas -->
