<?xml version="1.0" encoding="UTF-8"?>
<!-- Generated by org.testng.reporters.JUnitXMLReporter -->
<testsuite hostname="XIPL9218" name="com.mediaservices.c2c.talent.controller" tests="47" failures="0" timestamp="2 Nov 2018 06:45:43 GMT" time="1.773" errors="0">
  <testcase name="getLookup" time="0.034" classname="com.mediaservices.c2c.talent.controller.ApplicationInfoControllerTest"/>
  <testcase name="getPickListValues" time="0.009" classname="com.mediaservices.c2c.talent.controller.CommonControllerTest"/>
  <testcase name="getPickLists" time="0.001" classname="com.mediaservices.c2c.talent.controller.CommonControllerTest"/>
  <testcase name="getUsersStudios" time="0.002" classname="com.mediaservices.c2c.talent.controller.CommonControllerTest"/>
  <testcase name="testAddOrEditCompany" time="0.01" classname="com.mediaservices.c2c.talent.controller.CompanyControllerTest"/>
  <testcase name="testGetCompanyDetail" time="0.001" classname="com.mediaservices.c2c.talent.controller.CompanyControllerTest"/>
  <testcase name="testGetPeopleForCorporate" time="0.004" classname="com.mediaservices.c2c.talent.controller.CompanyControllerTest"/>
  <testcase name="testGetPeopleForCorporateNoRecords" time="0.001" classname="com.mediaservices.c2c.talent.controller.CompanyControllerTest"/>
  <testcase name="testGetPeopleForLocation" time="0.002" classname="com.mediaservices.c2c.talent.controller.CompanyControllerTest"/>
  <testcase name="testGetPeopleForLocationNoRecords" time="0.001" classname="com.mediaservices.c2c.talent.controller.CompanyControllerTest"/>
  <testcase name="allParties" time="0.242" classname="com.mediaservices.c2c.talent.controller.PartyControllerTest"/>
  <testcase name="deleteRelation" time="0.003" classname="com.mediaservices.c2c.talent.controller.PartyControllerTest"/>
  <testcase name="getCompanies" time="0.001" classname="com.mediaservices.c2c.talent.controller.PartyControllerTest"/>
  <testcase name="getParty" time="0.001" classname="com.mediaservices.c2c.talent.controller.PartyControllerTest"/>
  <testcase name="getRepresentatives" time="0.002" classname="com.mediaservices.c2c.talent.controller.PartyControllerTest"/>
  <testcase name="getTalentDetails" time="0.001" classname="com.mediaservices.c2c.talent.controller.PartyControllerTest"/>
  <testcase name="getTalentImage" time="0.001" classname="com.mediaservices.c2c.talent.controller.PartyControllerTest"/>
  <testcase name="getTalents" time="0.001" classname="com.mediaservices.c2c.talent.controller.PartyControllerTest"/>
  <testcase name="getTalentsContactCompany" time="0.001" classname="com.mediaservices.c2c.talent.controller.PartyControllerTest"/>
  <testcase name="getTalentsDeal" time="0.0" classname="com.mediaservices.c2c.talent.controller.PartyControllerTest"/>
  <testcase name="savePerson" time="0.001" classname="com.mediaservices.c2c.talent.controller.PartyControllerTest"/>
  <testcase name="saveRelation" time="0.001" classname="com.mediaservices.c2c.talent.controller.PartyControllerTest"/>
  <testcase name="saveTalent" time="0.001" classname="com.mediaservices.c2c.talent.controller.PartyControllerTest"/>
  <testcase name="testGetPartyDetails" time="0.001" classname="com.mediaservices.c2c.talent.controller.PartyControllerTest"/>
  <testcase name="testGetPartyPage" time="0.005" classname="com.mediaservices.c2c.talent.controller.PartyControllerTest"/>
  <testcase name="testGetPersonsDetails" time="0.001" classname="com.mediaservices.c2c.talent.controller.PartyControllerTest"/>
  <testcase name="testGetRepClientsDeals" time="0.001" classname="com.mediaservices.c2c.talent.controller.PartyControllerTest"/>
  <testcase name="testGetTalentsTimeline" time="0.001" classname="com.mediaservices.c2c.talent.controller.PartyControllerTest"/>
  <testcase name="testSaveRollcallPerson" time="0.001" classname="com.mediaservices.c2c.talent.controller.PartyControllerTest"/>
  <testcase name="validatePartyRequest" time="0.001" classname="com.mediaservices.c2c.talent.controller.PartyControllerTest"/>
  <testcase name="getAgencies" time="0.001" classname="com.mediaservices.c2c.talent.controller.TypeAheadNameControllerTest"/>
  <testcase name="getEntityTypes" time="0.0" classname="com.mediaservices.c2c.talent.controller.TypeAheadNameControllerTest"/>
  <testcase name="getGlobalSearchData" time="0.003" classname="com.mediaservices.c2c.talent.controller.TypeAheadNameControllerTest"/>
  <testcase name="getOccupations" time="0.001" classname="com.mediaservices.c2c.talent.controller.TypeAheadNameControllerTest"/>
  <testcase name="getTotalRecords" time="0.001" classname="com.mediaservices.c2c.talent.controller.TypeAheadNameControllerTest"/>
  <testcase name="getTypeAheadNames" time="0.012" classname="com.mediaservices.c2c.talent.controller.TypeAheadNameControllerTest"/>
  <testcase name="getTypeAheadNamesWithNoSearchString" time="0.005" classname="com.mediaservices.c2c.talent.controller.TypeAheadNameControllerTest"/>
  <testcase name="getUserRoles" time="0.001" classname="com.mediaservices.c2c.talent.controller.TypeAheadNameControllerTest"/>
  <testcase name="testAddNameAsAlias" time="0.001" classname="com.mediaservices.c2c.talent.controller.TypeAheadNameControllerTest"/>
  <testcase name="testAddTypeAheadNameWithCompany" time="0.001" classname="com.mediaservices.c2c.talent.controller.TypeAheadNameControllerTest"/>
  <testcase name="testAddTypeAheadNameWithPerson" time="0.002" classname="com.mediaservices.c2c.talent.controller.TypeAheadNameControllerTest"/>
  <testcase name="testGetAccentedChars" time="0.001" classname="com.mediaservices.c2c.talent.controller.TypeAheadNameControllerTest"/>
  <testcase name="testGetAllNamesForParty" time="0.001" classname="com.mediaservices.c2c.talent.controller.TypeAheadNameControllerTest"/>
  <testcase name="getRollCallAccess" time="0.002" classname="com.mediaservices.c2c.talent.controller.UserControllerTest"/>
  <testcase name="getSupervisors" time="0.001" classname="com.mediaservices.c2c.talent.controller.UserControllerTest"/>
  <testcase name="getUserInfo" time="0.001" classname="com.mediaservices.c2c.talent.controller.UserControllerTest"/>
  <testcase name="getUserInfoForRc" time="0.001" classname="com.mediaservices.c2c.talent.controller.UserControllerTest"/>
</testsuite> <!-- com.mediaservices.c2c.talent.controller -->
